{"/Users/Pavel/hexlet-projects/frontend-project-46/src/index.js": {"path":"/Users/Pavel/hexlet-projects/frontend-project-46/src/index.js","all":false,"statementMap":{"0":{"start":{"line":1,"column":0},"end":{"line":1,"column":20}},"1":{"start":{"line":2,"column":0},"end":{"line":2,"column":24}},"2":{"start":{"line":3,"column":0},"end":{"line":3,"column":48}},"3":{"start":{"line":4,"column":0},"end":{"line":4,"column":30}},"4":{"start":{"line":5,"column":0},"end":{"line":5,"column":22}},"5":{"start":{"line":6,"column":0},"end":{"line":6,"column":47}},"6":{"start":{"line":7,"column":0},"end":{"line":7,"column":0}},"7":{"start":{"line":8,"column":0},"end":{"line":8,"column":35}},"8":{"start":{"line":9,"column":0},"end":{"line":9,"column":59}},"9":{"start":{"line":10,"column":0},"end":{"line":10,"column":24}},"10":{"start":{"line":11,"column":0},"end":{"line":11,"column":2}},"11":{"start":{"line":12,"column":0},"end":{"line":12,"column":48}},"12":{"start":{"line":13,"column":0},"end":{"line":13,"column":58}},"13":{"start":{"line":14,"column":0},"end":{"line":14,"column":0}},"14":{"start":{"line":15,"column":0},"end":{"line":15,"column":0}},"15":{"start":{"line":16,"column":0},"end":{"line":16,"column":55}},"16":{"start":{"line":17,"column":0},"end":{"line":17,"column":51}},"17":{"start":{"line":18,"column":0},"end":{"line":18,"column":51}},"18":{"start":{"line":19,"column":0},"end":{"line":19,"column":40}},"19":{"start":{"line":20,"column":0},"end":{"line":20,"column":40}},"20":{"start":{"line":21,"column":0},"end":{"line":21,"column":38}},"21":{"start":{"line":22,"column":0},"end":{"line":22,"column":38}},"22":{"start":{"line":23,"column":0},"end":{"line":23,"column":54}},"23":{"start":{"line":24,"column":0},"end":{"line":24,"column":54}},"24":{"start":{"line":25,"column":0},"end":{"line":25,"column":60}},"25":{"start":{"line":26,"column":0},"end":{"line":26,"column":38}},"26":{"start":{"line":27,"column":0},"end":{"line":27,"column":43}},"27":{"start":{"line":28,"column":0},"end":{"line":28,"column":44}},"28":{"start":{"line":29,"column":0},"end":{"line":29,"column":52}},"29":{"start":{"line":30,"column":0},"end":{"line":30,"column":11}},"30":{"start":{"line":31,"column":0},"end":{"line":31,"column":42}},"31":{"start":{"line":32,"column":0},"end":{"line":32,"column":90}},"32":{"start":{"line":33,"column":0},"end":{"line":33,"column":11}},"33":{"start":{"line":34,"column":0},"end":{"line":34,"column":42}},"34":{"start":{"line":35,"column":0},"end":{"line":35,"column":52}},"35":{"start":{"line":36,"column":0},"end":{"line":36,"column":11}},"36":{"start":{"line":37,"column":0},"end":{"line":37,"column":40}},"37":{"start":{"line":38,"column":0},"end":{"line":38,"column":52}},"38":{"start":{"line":39,"column":0},"end":{"line":39,"column":11}},"39":{"start":{"line":40,"column":0},"end":{"line":40,"column":10}},"40":{"start":{"line":41,"column":0},"end":{"line":41,"column":43}},"41":{"start":{"line":42,"column":0},"end":{"line":42,"column":9}},"42":{"start":{"line":43,"column":0},"end":{"line":43,"column":0}},"43":{"start":{"line":44,"column":0},"end":{"line":44,"column":37}},"44":{"start":{"line":45,"column":0},"end":{"line":45,"column":1}},"45":{"start":{"line":46,"column":0},"end":{"line":46,"column":0}},"46":{"start":{"line":47,"column":0},"end":{"line":47,"column":23}}},"s":{"0":1,"1":1,"2":1,"3":1,"4":1,"5":1,"6":1,"7":1,"8":2,"9":2,"10":2,"11":1,"12":1,"13":1,"14":1,"15":1,"16":1,"17":1,"18":1,"19":1,"20":1,"21":1,"22":1,"23":1,"24":1,"25":1,"26":1,"27":5,"28":1,"29":1,"30":5,"31":1,"32":1,"33":5,"34":2,"35":2,"36":1,"37":1,"38":1,"39":1,"40":1,"41":1,"42":1,"43":1,"44":1,"45":1,"46":1},"branchMap":{"0":{"type":"branch","line":8,"loc":{"start":{"line":8,"column":25},"end":{"line":11,"column":2}},"locations":[{"start":{"line":8,"column":25},"end":{"line":11,"column":2}}]},"1":{"type":"branch","line":12,"loc":{"start":{"line":12,"column":20},"end":{"line":12,"column":47}},"locations":[{"start":{"line":12,"column":20},"end":{"line":12,"column":47}}]},"2":{"type":"branch","line":13,"loc":{"start":{"line":13,"column":18},"end":{"line":13,"column":57}},"locations":[{"start":{"line":13,"column":18},"end":{"line":13,"column":57}}]},"3":{"type":"branch","line":16,"loc":{"start":{"line":16,"column":16},"end":{"line":45,"column":1}},"locations":[{"start":{"line":16,"column":16},"end":{"line":45,"column":1}}]},"4":{"type":"branch","line":26,"loc":{"start":{"line":26,"column":29},"end":{"line":42,"column":9}},"locations":[{"start":{"line":26,"column":29},"end":{"line":42,"column":9}}]},"5":{"type":"branch","line":27,"loc":{"start":{"line":27,"column":33},"end":{"line":40,"column":9}},"locations":[{"start":{"line":27,"column":33},"end":{"line":40,"column":9}}]},"6":{"type":"branch","line":28,"loc":{"start":{"line":28,"column":43},"end":{"line":30,"column":11}},"locations":[{"start":{"line":28,"column":43},"end":{"line":30,"column":11}}]},"7":{"type":"branch","line":30,"loc":{"start":{"line":30,"column":10},"end":{"line":31,"column":41}},"locations":[{"start":{"line":30,"column":10},"end":{"line":31,"column":41}}]},"8":{"type":"branch","line":31,"loc":{"start":{"line":31,"column":41},"end":{"line":33,"column":11}},"locations":[{"start":{"line":31,"column":41},"end":{"line":33,"column":11}}]},"9":{"type":"branch","line":33,"loc":{"start":{"line":33,"column":10},"end":{"line":34,"column":41}},"locations":[{"start":{"line":33,"column":10},"end":{"line":34,"column":41}}]},"10":{"type":"branch","line":34,"loc":{"start":{"line":34,"column":41},"end":{"line":36,"column":11}},"locations":[{"start":{"line":34,"column":41},"end":{"line":36,"column":11}}]},"11":{"type":"branch","line":36,"loc":{"start":{"line":36,"column":10},"end":{"line":39,"column":11}},"locations":[{"start":{"line":36,"column":10},"end":{"line":39,"column":11}}]}},"b":{"0":[2],"1":[2],"2":[2],"3":[1],"4":[1],"5":[5],"6":[1],"7":[4],"8":[1],"9":[3],"10":[2],"11":[1]},"fnMap":{"0":{"name":"getAbsolutePath","decl":{"start":{"line":8,"column":25},"end":{"line":11,"column":2}},"loc":{"start":{"line":8,"column":25},"end":{"line":11,"column":2}},"line":8},"1":{"name":"getExtName","decl":{"start":{"line":12,"column":20},"end":{"line":12,"column":47}},"loc":{"start":{"line":12,"column":20},"end":{"line":12,"column":47}},"line":12},"2":{"name":"readData","decl":{"start":{"line":13,"column":18},"end":{"line":13,"column":57}},"loc":{"start":{"line":13,"column":18},"end":{"line":13,"column":57}},"line":13},"3":{"name":"genDiff","decl":{"start":{"line":16,"column":16},"end":{"line":45,"column":1}},"loc":{"start":{"line":16,"column":16},"end":{"line":45,"column":1}},"line":16},"4":{"name":"getDiffFlatData","decl":{"start":{"line":26,"column":29},"end":{"line":42,"column":9}},"loc":{"start":{"line":26,"column":29},"end":{"line":42,"column":9}},"line":26}},"f":{"0":2,"1":2,"2":2,"3":1,"4":1}}
,"/Users/Pavel/hexlet-projects/frontend-project-46/src/makeAstTree.js": {"path":"/Users/Pavel/hexlet-projects/frontend-project-46/src/makeAstTree.js","all":false,"statementMap":{"0":{"start":{"line":1,"column":0},"end":{"line":1,"column":23}},"1":{"start":{"line":2,"column":0},"end":{"line":2,"column":0}},"2":{"start":{"line":3,"column":0},"end":{"line":3,"column":37}},"3":{"start":{"line":4,"column":0},"end":{"line":4,"column":64}},"4":{"start":{"line":5,"column":0},"end":{"line":5,"column":42}},"5":{"start":{"line":6,"column":0},"end":{"line":6,"column":0}},"6":{"start":{"line":7,"column":0},"end":{"line":7,"column":45}},"7":{"start":{"line":8,"column":0},"end":{"line":8,"column":31}},"8":{"start":{"line":9,"column":0},"end":{"line":9,"column":31}},"9":{"start":{"line":10,"column":0},"end":{"line":10,"column":0}},"10":{"start":{"line":11,"column":0},"end":{"line":11,"column":47}},"11":{"start":{"line":12,"column":0},"end":{"line":12,"column":42}},"12":{"start":{"line":13,"column":0},"end":{"line":13,"column":16}},"13":{"start":{"line":14,"column":0},"end":{"line":14,"column":30}},"14":{"start":{"line":15,"column":0},"end":{"line":15,"column":14}},"15":{"start":{"line":16,"column":0},"end":{"line":16,"column":26}},"16":{"start":{"line":17,"column":0},"end":{"line":17,"column":10}},"17":{"start":{"line":18,"column":0},"end":{"line":18,"column":14}},"18":{"start":{"line":19,"column":0},"end":{"line":19,"column":16}},"19":{"start":{"line":20,"column":0},"end":{"line":20,"column":28}},"20":{"start":{"line":21,"column":0},"end":{"line":21,"column":14}},"21":{"start":{"line":22,"column":0},"end":{"line":22,"column":19}},"22":{"start":{"line":23,"column":0},"end":{"line":23,"column":19}},"23":{"start":{"line":24,"column":0},"end":{"line":24,"column":10}},"24":{"start":{"line":25,"column":0},"end":{"line":25,"column":7}},"25":{"start":{"line":26,"column":0},"end":{"line":26,"column":34}},"26":{"start":{"line":27,"column":0},"end":{"line":27,"column":14}},"27":{"start":{"line":28,"column":0},"end":{"line":28,"column":26}},"28":{"start":{"line":29,"column":0},"end":{"line":29,"column":12}},"29":{"start":{"line":30,"column":0},"end":{"line":30,"column":24}},"30":{"start":{"line":31,"column":0},"end":{"line":31,"column":8}},"31":{"start":{"line":32,"column":0},"end":{"line":32,"column":12}},"32":{"start":{"line":33,"column":0},"end":{"line":33,"column":14}},"33":{"start":{"line":34,"column":0},"end":{"line":34,"column":24}},"34":{"start":{"line":35,"column":0},"end":{"line":35,"column":12}},"35":{"start":{"line":36,"column":0},"end":{"line":36,"column":24}},"36":{"start":{"line":37,"column":0},"end":{"line":37,"column":8}},"37":{"start":{"line":38,"column":0},"end":{"line":38,"column":5}},"38":{"start":{"line":39,"column":0},"end":{"line":39,"column":5}},"39":{"start":{"line":40,"column":0},"end":{"line":40,"column":16}},"40":{"start":{"line":41,"column":0},"end":{"line":41,"column":2}},"41":{"start":{"line":42,"column":0},"end":{"line":42,"column":0}},"42":{"start":{"line":43,"column":0},"end":{"line":43,"column":21}}},"s":{"0":1,"1":1,"2":1,"3":1,"4":1,"5":1,"6":1,"7":5,"8":5,"9":5,"10":5,"11":2,"12":1,"13":1,"14":1,"15":1,"16":1,"17":1,"18":1,"19":1,"20":1,"21":1,"22":1,"23":1,"24":1,"25":5,"26":2,"27":2,"28":2,"29":2,"30":2,"31":3,"32":1,"33":1,"34":1,"35":1,"36":1,"37":1,"38":1,"39":1,"40":1,"41":1,"42":1},"branchMap":{"0":{"type":"branch","line":3,"loc":{"start":{"line":3,"column":20},"end":{"line":41,"column":2}},"locations":[{"start":{"line":3,"column":20},"end":{"line":41,"column":2}}]},"1":{"type":"branch","line":7,"loc":{"start":{"line":7,"column":36},"end":{"line":39,"column":3}},"locations":[{"start":{"line":7,"column":36},"end":{"line":39,"column":3}}]},"2":{"type":"branch","line":11,"loc":{"start":{"line":11,"column":24},"end":{"line":11,"column":44}},"locations":[{"start":{"line":11,"column":24},"end":{"line":11,"column":44}}]},"3":{"type":"branch","line":11,"loc":{"start":{"line":11,"column":46},"end":{"line":26,"column":5}},"locations":[{"start":{"line":11,"column":46},"end":{"line":26,"column":5}}]},"4":{"type":"branch","line":12,"loc":{"start":{"line":12,"column":41},"end":{"line":25,"column":7}},"locations":[{"start":{"line":12,"column":41},"end":{"line":25,"column":7}}]},"5":{"type":"branch","line":26,"loc":{"start":{"line":26,"column":5},"end":{"line":38,"column":5}},"locations":[{"start":{"line":26,"column":5},"end":{"line":38,"column":5}}]},"6":{"type":"branch","line":26,"loc":{"start":{"line":26,"column":33},"end":{"line":32,"column":5}},"locations":[{"start":{"line":26,"column":33},"end":{"line":32,"column":5}}]},"7":{"type":"branch","line":32,"loc":{"start":{"line":32,"column":5},"end":{"line":38,"column":5}},"locations":[{"start":{"line":32,"column":5},"end":{"line":38,"column":5}}]}},"b":{"0":[1],"1":[5],"2":[4],"3":[2],"4":[1],"5":[3],"6":[2],"7":[1]},"fnMap":{"0":{"name":"makeAstTree","decl":{"start":{"line":3,"column":20},"end":{"line":41,"column":2}},"loc":{"start":{"line":3,"column":20},"end":{"line":41,"column":2}},"line":3}},"f":{"0":1}}
,"/Users/Pavel/hexlet-projects/frontend-project-46/src/parser.js": {"path":"/Users/Pavel/hexlet-projects/frontend-project-46/src/parser.js","all":false,"statementMap":{"0":{"start":{"line":1,"column":0},"end":{"line":1,"column":0}},"1":{"start":{"line":2,"column":0},"end":{"line":2,"column":0}},"2":{"start":{"line":3,"column":0},"end":{"line":3,"column":42}},"3":{"start":{"line":4,"column":0},"end":{"line":4,"column":26}},"4":{"start":{"line":5,"column":0},"end":{"line":5,"column":31}},"5":{"start":{"line":6,"column":0},"end":{"line":6,"column":5}},"6":{"start":{"line":7,"column":0},"end":{"line":7,"column":2}},"7":{"start":{"line":8,"column":0},"end":{"line":8,"column":0}},"8":{"start":{"line":9,"column":0},"end":{"line":9,"column":27}}},"s":{"0":1,"1":1,"2":1,"3":2,"4":2,"5":2,"6":2,"7":1,"8":1},"branchMap":{"0":{"type":"branch","line":3,"loc":{"start":{"line":3,"column":26},"end":{"line":7,"column":2}},"locations":[{"start":{"line":3,"column":26},"end":{"line":7,"column":2}}]}},"b":{"0":[2]},"fnMap":{"0":{"name":"getParsedFileData","decl":{"start":{"line":3,"column":26},"end":{"line":7,"column":2}},"loc":{"start":{"line":3,"column":26},"end":{"line":7,"column":2}},"line":3}},"f":{"0":2}}
}
