TN:
SF:src/index.js
FN:8,getAbsolutePath
FN:12,getExtName
FN:13,readData
FN:16,genDiff
FN:26,getDiffFlatData
FNF:5
FNH:5
FNDA:2,getAbsolutePath
FNDA:2,getExtName
FNDA:2,readData
FNDA:1,genDiff
FNDA:1,getDiffFlatData
DA:1,1
DA:2,1
DA:3,1
DA:4,1
DA:5,1
DA:6,1
DA:7,1
DA:8,1
DA:9,2
DA:10,2
DA:11,2
DA:12,1
DA:13,1
DA:14,1
DA:15,1
DA:16,1
DA:17,1
DA:18,1
DA:19,1
DA:20,1
DA:21,1
DA:22,1
DA:23,1
DA:24,1
DA:25,1
DA:26,1
DA:27,1
DA:28,5
DA:29,1
DA:30,1
DA:31,5
DA:32,1
DA:33,1
DA:34,5
DA:35,2
DA:36,2
DA:37,1
DA:38,1
DA:39,1
DA:40,1
DA:41,1
DA:42,1
DA:43,1
DA:44,1
DA:45,1
DA:46,1
DA:47,1
LF:47
LH:47
BRDA:8,0,0,2
BRDA:12,1,0,2
BRDA:13,2,0,2
BRDA:16,3,0,1
BRDA:26,4,0,1
BRDA:27,5,0,5
BRDA:28,6,0,1
BRDA:30,7,0,4
BRDA:31,8,0,1
BRDA:33,9,0,3
BRDA:34,10,0,2
BRDA:36,11,0,1
BRF:12
BRH:12
end_of_record
TN:
SF:src/makeAstTree.js
FN:3,makeAstTree
FNF:1
FNH:1
FNDA:1,makeAstTree
DA:1,1
DA:2,1
DA:3,1
DA:4,1
DA:5,1
DA:6,1
DA:7,1
DA:8,5
DA:9,5
DA:10,5
DA:11,5
DA:12,2
DA:13,1
DA:14,1
DA:15,1
DA:16,1
DA:17,1
DA:18,1
DA:19,1
DA:20,1
DA:21,1
DA:22,1
DA:23,1
DA:24,1
DA:25,1
DA:26,5
DA:27,2
DA:28,2
DA:29,2
DA:30,2
DA:31,2
DA:32,3
DA:33,1
DA:34,1
DA:35,1
DA:36,1
DA:37,1
DA:38,1
DA:39,1
DA:40,1
DA:41,1
DA:42,1
DA:43,1
LF:43
LH:43
BRDA:3,0,0,1
BRDA:7,1,0,5
BRDA:11,2,0,4
BRDA:11,3,0,2
BRDA:12,4,0,1
BRDA:26,5,0,3
BRDA:26,6,0,2
BRDA:32,7,0,1
BRF:8
BRH:8
end_of_record
TN:
SF:src/parser.js
FN:3,getParsedFileData
FNF:1
FNH:1
FNDA:2,getParsedFileData
DA:1,1
DA:2,1
DA:3,1
DA:4,2
DA:5,2
DA:6,2
DA:7,2
DA:8,1
DA:9,1
LF:9
LH:9
BRDA:3,0,0,2
BRF:1
BRH:1
end_of_record
